<?xml version="1.0" encoding="UTF-8"?>
<testng-results ignored="0" total="1" passed="1" failed="0" skipped="0">
  <reporter-output>
  </reporter-output>
  <suite started-at="2023-01-25T17:52:04 IST" name="Default suite" finished-at="2023-01-25T17:52:13 IST" duration-ms="8481">
    <groups>
    </groups>
    <test started-at="2023-01-25T17:52:04 IST" name="Default test" finished-at="2023-01-25T17:52:13 IST" duration-ms="8481">
      <class name="Selenium4.Create_More_Test">
        <test-method is-config="true" signature="Browsersetup()[pri:0, instance:Selenium4.Create_More_Test@ea6147e]" started-at="2023-01-25T17:52:04 IST" name="Browsersetup" finished-at="2023-01-25T17:52:10 IST" duration-ms="6111" status="PASS">
          <reporter-output>
          </reporter-output>
        </test-method> <!-- Browsersetup -->
        <test-method signature="Tc12()[pri:0, instance:Selenium4.Create_More_Test@ea6147e]" started-at="2023-01-25T17:52:10 IST" name="Tc12" finished-at="2023-01-25T17:52:12 IST" duration-ms="1921" status="PASS">
          <reporter-output>
          </reporter-output>
        </test-method> <!-- Tc12 -->
        <test-method is-config="true" signature="Turndown()[pri:0, instance:Selenium4.Create_More_Test@ea6147e]" started-at="2023-01-25T17:52:12 IST" name="Turndown" finished-at="2023-01-25T17:52:13 IST" duration-ms="367" status="PASS">
          <reporter-output>
          </reporter-output>
        </test-method> <!-- Turndown -->
      </class> <!-- Selenium4.Create_More_Test -->
    </test> <!-- Default test -->
  </suite> <!-- Default suite -->
</testng-results>
